C:\RENATO\TESTES\AEDS2\AEDS2\DEBUG\AEDS2.EXE.EMBED.MANIFEST
C:\RENATO\TESTES\AEDS2\AEDS2\DEBUG\AEDS2.EXE.EMBED.MANIFEST.RES
C:\RENATO\TESTES\AEDS2\AEDS2\DEBUG\AEDS2.EXE.INTERMEDIATE.MANIFEST
C:\RENATO\TESTES\AEDS2\AEDS2\DEBUG\AEDS2.OBJ
C:\RENATO\TESTES\AEDS2\AEDS2\DEBUG\AEDS2.PCH
C:\Renato\testes\AEDS2\AEDS2\Debug\AEDS2_manifest.rc
C:\Renato\testes\AEDS2\AEDS2\Debug\cl.command.1.tlog
C:\Renato\testes\AEDS2\AEDS2\Debug\CL.read.1.tlog
C:\Renato\testes\AEDS2\AEDS2\Debug\CL.write.1.tlog
C:\Renato\testes\AEDS2\AEDS2\Debug\link.4780.read.1.tlog
C:\Renato\testes\AEDS2\AEDS2\Debug\link.4780.write.1.tlog
C:\Renato\testes\AEDS2\AEDS2\Debug\link.4780-cvtres.read.1.tlog
C:\Renato\testes\AEDS2\AEDS2\Debug\link.4780-cvtres.write.1.tlog
C:\Renato\testes\AEDS2\AEDS2\Debug\link.5248.read.1.tlog
C:\Renato\testes\AEDS2\AEDS2\Debug\link.5248.write.1.tlog
C:\Renato\testes\AEDS2\AEDS2\Debug\link.5248-cvtres.read.1.tlog
C:\Renato\testes\AEDS2\AEDS2\Debug\link.5248-cvtres.write.1.tlog
C:\Renato\testes\AEDS2\AEDS2\Debug\link.5292.read.1.tlog
C:\Renato\testes\AEDS2\AEDS2\Debug\link.5292.write.1.tlog
C:\Renato\testes\AEDS2\AEDS2\Debug\link.5292-cvtres.read.1.tlog
C:\Renato\testes\AEDS2\AEDS2\Debug\link.5292-cvtres.write.1.tlog
C:\Renato\testes\AEDS2\AEDS2\Debug\link.5660.read.1.tlog
C:\Renato\testes\AEDS2\AEDS2\Debug\link.5660.write.1.tlog
C:\Renato\testes\AEDS2\AEDS2\Debug\link.5660-cvtres.read.1.tlog
C:\Renato\testes\AEDS2\AEDS2\Debug\link.5660-cvtres.write.1.tlog
C:\Renato\testes\AEDS2\AEDS2\Debug\link.command.1.tlog
C:\Renato\testes\AEDS2\AEDS2\Debug\link.read.1.tlog
C:\Renato\testes\AEDS2\AEDS2\Debug\link.write.1.tlog
C:\Renato\testes\AEDS2\AEDS2\Debug\link-cvtres.read.1.tlog
C:\Renato\testes\AEDS2\AEDS2\Debug\link-cvtres.write.1.tlog
C:\RENATO\TESTES\AEDS2\AEDS2\DEBUG\LINKEDLIST.OBJ
C:\Renato\testes\AEDS2\AEDS2\Debug\mt.command.1.tlog
C:\Renato\testes\AEDS2\AEDS2\Debug\mt.read.1.tlog
C:\Renato\testes\AEDS2\AEDS2\Debug\mt.write.1.tlog
C:\Renato\testes\AEDS2\AEDS2\Debug\rc.command.1.tlog
C:\Renato\testes\AEDS2\AEDS2\Debug\rc.read.1.tlog
C:\Renato\testes\AEDS2\AEDS2\Debug\rc.write.1.tlog
C:\RENATO\TESTES\AEDS2\AEDS2\DEBUG\STACK.OBJ
C:\RENATO\TESTES\AEDS2\AEDS2\DEBUG\STDAFX.OBJ
C:\Renato\testes\AEDS2\AEDS2\Debug\vc100.idb
C:\RENATO\TESTES\AEDS2\AEDS2\DEBUG\VC100.PDB
C:\RENATO\TESTES\AEDS2\DEBUG\AEDS2.EXE
C:\RENATO\TESTES\AEDS2\DEBUG\AEDS2.ILK
C:\RENATO\TESTES\AEDS2\DEBUG\AEDS2.PDB
