Build started 16/5/2012 13:24:12.
     1>Project "C:\Renato\testes\AEDS2\AEDS2\AEDS2.vcxproj" on node 2 (build target(s)).
     1>InitializeBuildStatus:
         Touching "Debug\AEDS2.unsuccessfulbuild".
       ClCompile:
         All outputs are up-to-date.
         c:\Arquivos de programas\Microsoft Visual Studio 10.0\VC\bin\CL.exe /c /ZI /nologo /W3 /WX- /Od /Oy- /D WIN32 /D _DEBUG /D _CONSOLE /D _UNICODE /D UNICODE /Gm /EHsc /RTC1 /MDd /GS /fp:precise /Zc:wchar_t /Zc:forScope /Yu"StdAfx.h" /Fp"Debug\AEDS2.pch" /Fo"Debug\\" /Fd"Debug\vc100.pdb" /Gd /TP /analyze- /errorReport:prompt AEDS2.cpp
         AEDS2.cpp
       ManifestResourceCompile:
         C:\Arquivos de programas\Microsoft SDKs\Windows\v7.0A\bin\rc.exe /nologo /fo"Debug\AEDS2.exe.embed.manifest.res" Debug\AEDS2_manifest.rc 
       Link:
         c:\Arquivos de programas\Microsoft Visual Studio 10.0\VC\bin\link.exe /ERRORREPORT:PROMPT /OUT:"C:\Renato\testes\AEDS2\Debug\AEDS2.exe" /INCREMENTAL /NOLOGO kernel32.lib user32.lib gdi32.lib winspool.lib comdlg32.lib advapi32.lib shell32.lib ole32.lib oleaut32.lib uuid.lib odbc32.lib odbccp32.lib /MANIFEST /ManifestFile:"Debug\AEDS2.exe.intermediate.manifest" /MANIFESTUAC:"level='asInvoker' uiAccess='false'" /DEBUG /PDB:"C:\Renato\testes\AEDS2\Debug\AEDS2.pdb" /SUBSYSTEM:CONSOLE /TLBID:1 /DYNAMICBASE /NXCOMPAT /IMPLIB:"C:\Renato\testes\AEDS2\Debug\AEDS2.lib" /MACHINE:X86 Debug\AEDS2.exe.embed.manifest.res
         Debug\AEDS2.obj
         Debug\Stack.obj
         Debug\stdafx.obj
       Manifest:
         C:\Arquivos de programas\Microsoft SDKs\Windows\v7.0A\bin\mt.exe /nologo /verbose /out:"Debug\AEDS2.exe.embed.manifest" /manifest Debug\AEDS2.exe.intermediate.manifest
         C:\Arquivos de programas\Microsoft SDKs\Windows\v7.0A\bin\rc.exe /nologo /fo"Debug\AEDS2.exe.embed.manifest.res" Debug\AEDS2_manifest.rc 
       LinkEmbedManifest:
         c:\Arquivos de programas\Microsoft Visual Studio 10.0\VC\bin\link.exe /ERRORREPORT:PROMPT /OUT:"C:\Renato\testes\AEDS2\Debug\AEDS2.exe" /INCREMENTAL /NOLOGO kernel32.lib user32.lib gdi32.lib winspool.lib comdlg32.lib advapi32.lib shell32.lib ole32.lib oleaut32.lib uuid.lib odbc32.lib odbccp32.lib /MANIFEST /ManifestFile:"Debug\AEDS2.exe.intermediate.manifest" /MANIFESTUAC:"level='asInvoker' uiAccess='false'" /DEBUG /PDB:"C:\Renato\testes\AEDS2\Debug\AEDS2.pdb" /SUBSYSTEM:CONSOLE /TLBID:1 /DYNAMICBASE /NXCOMPAT /IMPLIB:"C:\Renato\testes\AEDS2\Debug\AEDS2.lib" /MACHINE:X86 Debug\AEDS2.exe.embed.manifest.res
         Debug\AEDS2.obj
         Debug\Stack.obj
         Debug\stdafx.obj
         AEDS2.vcxproj -> C:\Renato\testes\AEDS2\Debug\AEDS2.exe
       FinalizeBuildStatus:
         Deleting file "Debug\AEDS2.unsuccessfulbuild".
         Touching "Debug\AEDS2.lastbuildstate".
     1>Done Building Project "C:\Renato\testes\AEDS2\AEDS2\AEDS2.vcxproj" (build target(s)).

Build succeeded.

Time Elapsed 00:00:01.67
